{"B:\\unit-test\\client\\src\\App.tsx": {"path":"B:\\unit-test\\client\\src\\App.tsx","statementMap":{"0":{"start":{"line":6,"column":2},"end":{"line":11,"column":4}}},"fnMap":{"0":{"name":"App","decl":{"start":{"line":5,"column":9},"end":{"line":5,"column":12}},"loc":{"start":{"line":5,"column":15},"end":{"line":12,"column":1}},"line":5}},"branchMap":{},"s":{"0":2},"f":{"0":2},"b":{},"_coverageSchema":"1a1c01bbd47fc00a2c39e90264f33305004495a9","hash":"5d9e3931dbf1aaee64233a719d3e1962aaf41420"}
,"B:\\unit-test\\client\\src\\components\\RegisterForm.tsx": {"path":"B:\\unit-test\\client\\src\\components\\RegisterForm.tsx","statementMap":{"0":{"start":{"line":5,"column":31},"end":{"line":72,"column":1}},"1":{"start":{"line":6,"column":28},"end":{"line":6,"column":40}},"2":{"start":{"line":7,"column":34},"end":{"line":7,"column":46}},"3":{"start":{"line":8,"column":32},"end":{"line":8,"column":61}},"4":{"start":{"line":9,"column":28},"end":{"line":9,"column":57}},"5":{"start":{"line":11,"column":23},"end":{"line":24,"column":3}},"6":{"start":{"line":12,"column":4},"end":{"line":12,"column":23}},"7":{"start":{"line":13,"column":4},"end":{"line":13,"column":21}},"8":{"start":{"line":14,"column":4},"end":{"line":14,"column":19}},"9":{"start":{"line":16,"column":4},"end":{"line":23,"column":5}},"10":{"start":{"line":17,"column":23},"end":{"line":17,"column":58}},"11":{"start":{"line":18,"column":6},"end":{"line":18,"column":35}},"12":{"start":{"line":20,"column":6},"end":{"line":22,"column":8}},"13":{"start":{"line":26,"column":2},"end":{"line":71,"column":4}},"14":{"start":{"line":36,"column":29},"end":{"line":36,"column":53}},"15":{"start":{"line":47,"column":29},"end":{"line":47,"column":56}}},"fnMap":{"0":{"name":"(anonymous_0)","decl":{"start":{"line":5,"column":31},"end":{"line":5,"column":32}},"loc":{"start":{"line":5,"column":37},"end":{"line":72,"column":1}},"line":5},"1":{"name":"(anonymous_1)","decl":{"start":{"line":11,"column":23},"end":{"line":11,"column":24}},"loc":{"start":{"line":11,"column":53},"end":{"line":24,"column":3}},"line":11},"2":{"name":"(anonymous_2)","decl":{"start":{"line":36,"column":22},"end":{"line":36,"column":23}},"loc":{"start":{"line":36,"column":29},"end":{"line":36,"column":53}},"line":36},"3":{"name":"(anonymous_3)","decl":{"start":{"line":47,"column":22},"end":{"line":47,"column":23}},"loc":{"start":{"line":47,"column":29},"end":{"line":47,"column":56}},"line":47}},"branchMap":{"0":{"loc":{"start":{"line":21,"column":8},"end":{"line":21,"column":75}},"type":"cond-expr","locations":[{"start":{"line":21,"column":31},"end":{"line":21,"column":42}},{"start":{"line":21,"column":45},"end":{"line":21,"column":75}}],"line":21},"1":{"loc":{"start":{"line":66,"column":7},"end":{"line":68,"column":7}},"type":"binary-expr","locations":[{"start":{"line":66,"column":7},"end":{"line":66,"column":14}},{"start":{"line":67,"column":8},"end":{"line":67,"column":74}}],"line":66},"2":{"loc":{"start":{"line":69,"column":7},"end":{"line":69,"column":78}},"type":"binary-expr","locations":[{"start":{"line":69,"column":7},"end":{"line":69,"column":12}},{"start":{"line":69,"column":16},"end":{"line":69,"column":78}}],"line":69}},"s":{"0":0,"1":0,"2":0,"3":0,"4":0,"5":0,"6":0,"7":0,"8":0,"9":0,"10":0,"11":0,"12":0,"13":0,"14":0,"15":0},"f":{"0":0,"1":0,"2":0,"3":0},"b":{"0":[0,0],"1":[0,0],"2":[0,0]}}
,"B:\\unit-test\\client\\src\\components\\UserProfile.tsx": {"path":"B:\\unit-test\\client\\src\\components\\UserProfile.tsx","statementMap":{"0":{"start":{"line":8,"column":55},"end":{"line":17,"column":1}},"1":{"start":{"line":9,"column":26},"end":{"line":9,"column":77}},"2":{"start":{"line":11,"column":2},"end":{"line":13,"column":15}},"3":{"start":{"line":12,"column":4},"end":{"line":12,"column":61}},"4":{"start":{"line":15,"column":2},"end":{"line":15,"column":42}},"5":{"start":{"line":15,"column":13},"end":{"line":15,"column":42}},"6":{"start":{"line":16,"column":2},"end":{"line":16,"column":38}}},"fnMap":{"0":{"name":"(anonymous_0)","decl":{"start":{"line":8,"column":55},"end":{"line":8,"column":56}},"loc":{"start":{"line":8,"column":71},"end":{"line":17,"column":1}},"line":8},"1":{"name":"(anonymous_1)","decl":{"start":{"line":11,"column":12},"end":{"line":11,"column":13}},"loc":{"start":{"line":11,"column":18},"end":{"line":13,"column":3}},"line":11}},"branchMap":{"0":{"loc":{"start":{"line":15,"column":2},"end":{"line":15,"column":42}},"type":"if","locations":[{"start":{"line":15,"column":2},"end":{"line":15,"column":42}},{"start":{},"end":{}}],"line":15}},"s":{"0":1,"1":2,"2":2,"3":1,"4":2,"5":1,"6":1},"f":{"0":2,"1":1},"b":{"0":[1,1]},"_coverageSchema":"1a1c01bbd47fc00a2c39e90264f33305004495a9","hash":"7107cf9e84069ae3651f31e2be43807440a062a8"}
,"B:\\unit-test\\client\\src\\services\\api.ts": {"path":"B:\\unit-test\\client\\src\\services\\api.ts","statementMap":{"0":{"start":{"line":1,"column":29},"end":{"line":7,"column":1}},"1":{"start":{"line":4,"column":19},"end":{"line":4,"column":73}},"2":{"start":{"line":5,"column":2},"end":{"line":5,"column":55}},"3":{"start":{"line":5,"column":20},"end":{"line":5,"column":55}},"4":{"start":{"line":6,"column":2},"end":{"line":6,"column":25}}},"fnMap":{"0":{"name":"(anonymous_0)","decl":{"start":{"line":1,"column":29},"end":{"line":1,"column":30}},"loc":{"start":{"line":3,"column":44},"end":{"line":7,"column":1}},"line":3}},"branchMap":{"0":{"loc":{"start":{"line":5,"column":2},"end":{"line":5,"column":55}},"type":"if","locations":[{"start":{"line":5,"column":2},"end":{"line":5,"column":55}},{"start":{},"end":{}}],"line":5}},"s":{"0":2,"1":1,"2":1,"3":0,"4":1},"f":{"0":1},"b":{"0":[0,1]},"_coverageSchema":"1a1c01bbd47fc00a2c39e90264f33305004495a9","hash":"c35c87ca27b6f23808e1886f80bfdb5022bfa233"}
,"B:\\unit-test\\client\\src\\services\\auth.ts": {"path":"B:\\unit-test\\client\\src\\services\\auth.ts","statementMap":{"0":{"start":{"line":5,"column":12},"end":{"line":7,"column":2}},"1":{"start":{"line":21,"column":28},"end":{"line":37,"column":1}},"2":{"start":{"line":25,"column":2},"end":{"line":36,"column":3}},"3":{"start":{"line":26,"column":21},"end":{"line":29,"column":6}},"4":{"start":{"line":30,"column":4},"end":{"line":30,"column":25}},"5":{"start":{"line":32,"column":4},"end":{"line":34,"column":5}},"6":{"start":{"line":33,"column":6},"end":{"line":33,"column":70}},"7":{"start":{"line":35,"column":4},"end":{"line":35,"column":52}}},"fnMap":{"0":{"name":"(anonymous_0)","decl":{"start":{"line":21,"column":28},"end":{"line":21,"column":29}},"loc":{"start":{"line":24,"column":32},"end":{"line":37,"column":1}},"line":24}},"branchMap":{"0":{"loc":{"start":{"line":32,"column":4},"end":{"line":34,"column":5}},"type":"if","locations":[{"start":{"line":32,"column":4},"end":{"line":34,"column":5}},{"start":{},"end":{}}],"line":32},"1":{"loc":{"start":{"line":32,"column":8},"end":{"line":32,"column":51}},"type":"binary-expr","locations":[{"start":{"line":32,"column":8},"end":{"line":32,"column":33}},{"start":{"line":32,"column":37},"end":{"line":32,"column":51}}],"line":32}},"s":{"0":0,"1":0,"2":0,"3":0,"4":0,"5":0,"6":0,"7":0},"f":{"0":0},"b":{"0":[0,0],"1":[0,0]}}
,"B:\\unit-test\\client\\src\\utils\\userInput.ts": {"path":"B:\\unit-test\\client\\src\\utils\\userInput.ts","statementMap":{"0":{"start":{"line":1,"column":29},"end":{"line":3,"column":1}},"1":{"start":{"line":2,"column":2},"end":{"line":2,"column":52}}},"fnMap":{"0":{"name":"(anonymous_0)","decl":{"start":{"line":1,"column":29},"end":{"line":1,"column":30}},"loc":{"start":{"line":1,"column":56},"end":{"line":3,"column":1}},"line":1}},"branchMap":{},"s":{"0":1,"1":1},"f":{"0":1},"b":{},"_coverageSchema":"1a1c01bbd47fc00a2c39e90264f33305004495a9","hash":"abd687135f7e998ba5879e992869e38b51801b9b"}
}
