{"B:\\Thuc_tap\\unit-test\\client\\src\\components\\RegisterForm.tsx": {"path":"B:\\Thuc_tap\\unit-test\\client\\src\\components\\RegisterForm.tsx","statementMap":{"0":{"start":{"line":5,"column":31},"end":{"line":77,"column":1}},"1":{"start":{"line":6,"column":28},"end":{"line":6,"column":40}},"2":{"start":{"line":7,"column":34},"end":{"line":7,"column":46}},"3":{"start":{"line":8,"column":32},"end":{"line":8,"column":61}},"4":{"start":{"line":9,"column":28},"end":{"line":9,"column":57}},"5":{"start":{"line":11,"column":23},"end":{"line":29,"column":3}},"6":{"start":{"line":12,"column":4},"end":{"line":12,"column":23}},"7":{"start":{"line":13,"column":4},"end":{"line":13,"column":21}},"8":{"start":{"line":14,"column":4},"end":{"line":14,"column":19}},"9":{"start":{"line":16,"column":4},"end":{"line":19,"column":5}},"10":{"start":{"line":17,"column":6},"end":{"line":17,"column":50}},"11":{"start":{"line":18,"column":6},"end":{"line":18,"column":13}},"12":{"start":{"line":21,"column":4},"end":{"line":28,"column":5}},"13":{"start":{"line":22,"column":23},"end":{"line":22,"column":58}},"14":{"start":{"line":23,"column":6},"end":{"line":23,"column":35}},"15":{"start":{"line":25,"column":6},"end":{"line":27,"column":8}},"16":{"start":{"line":31,"column":2},"end":{"line":76,"column":4}},"17":{"start":{"line":41,"column":29},"end":{"line":41,"column":53}},"18":{"start":{"line":52,"column":29},"end":{"line":52,"column":56}}},"fnMap":{"0":{"name":"(anonymous_0)","decl":{"start":{"line":5,"column":31},"end":{"line":5,"column":32}},"loc":{"start":{"line":5,"column":37},"end":{"line":77,"column":1}},"line":5},"1":{"name":"(anonymous_1)","decl":{"start":{"line":11,"column":23},"end":{"line":11,"column":24}},"loc":{"start":{"line":11,"column":53},"end":{"line":29,"column":3}},"line":11},"2":{"name":"(anonymous_2)","decl":{"start":{"line":41,"column":22},"end":{"line":41,"column":23}},"loc":{"start":{"line":41,"column":29},"end":{"line":41,"column":53}},"line":41},"3":{"name":"(anonymous_3)","decl":{"start":{"line":52,"column":22},"end":{"line":52,"column":23}},"loc":{"start":{"line":52,"column":29},"end":{"line":52,"column":56}},"line":52}},"branchMap":{"0":{"loc":{"start":{"line":16,"column":4},"end":{"line":19,"column":5}},"type":"if","locations":[{"start":{"line":16,"column":4},"end":{"line":19,"column":5}},{"start":{},"end":{}}],"line":16},"1":{"loc":{"start":{"line":16,"column":8},"end":{"line":16,"column":27}},"type":"binary-expr","locations":[{"start":{"line":16,"column":8},"end":{"line":16,"column":14}},{"start":{"line":16,"column":18},"end":{"line":16,"column":27}}],"line":16},"2":{"loc":{"start":{"line":26,"column":8},"end":{"line":26,"column":75}},"type":"cond-expr","locations":[{"start":{"line":26,"column":31},"end":{"line":26,"column":42}},{"start":{"line":26,"column":45},"end":{"line":26,"column":75}}],"line":26},"3":{"loc":{"start":{"line":71,"column":7},"end":{"line":73,"column":7}},"type":"binary-expr","locations":[{"start":{"line":71,"column":7},"end":{"line":71,"column":14}},{"start":{"line":72,"column":8},"end":{"line":72,"column":74}}],"line":71},"4":{"loc":{"start":{"line":74,"column":7},"end":{"line":74,"column":78}},"type":"binary-expr","locations":[{"start":{"line":74,"column":7},"end":{"line":74,"column":12}},{"start":{"line":74,"column":16},"end":{"line":74,"column":78}}],"line":74}},"s":{"0":1,"1":21,"2":21,"3":21,"4":21,"5":21,"6":4,"7":4,"8":4,"9":4,"10":1,"11":1,"12":3,"13":3,"14":1,"15":2,"16":21,"17":4,"18":4},"f":{"0":21,"1":4,"2":4,"3":4},"b":{"0":[1,3],"1":[4,3],"2":[1,1],"3":[21,1],"4":[21,3]},"_coverageSchema":"1a1c01bbd47fc00a2c39e90264f33305004495a9","hash":"d75cbb10a4807e157dd10f0f5a55f446fc52cf3a"}
,"B:\\Thuc_tap\\unit-test\\client\\src\\components\\UserProfile.tsx": {"path":"B:\\Thuc_tap\\unit-test\\client\\src\\components\\UserProfile.tsx","statementMap":{"0":{"start":{"line":8,"column":55},"end":{"line":17,"column":1}},"1":{"start":{"line":9,"column":26},"end":{"line":9,"column":77}},"2":{"start":{"line":11,"column":2},"end":{"line":13,"column":15}},"3":{"start":{"line":12,"column":4},"end":{"line":12,"column":61}},"4":{"start":{"line":15,"column":2},"end":{"line":15,"column":42}},"5":{"start":{"line":15,"column":13},"end":{"line":15,"column":42}},"6":{"start":{"line":16,"column":2},"end":{"line":16,"column":38}}},"fnMap":{"0":{"name":"(anonymous_0)","decl":{"start":{"line":8,"column":55},"end":{"line":8,"column":56}},"loc":{"start":{"line":8,"column":71},"end":{"line":17,"column":1}},"line":8},"1":{"name":"(anonymous_1)","decl":{"start":{"line":11,"column":12},"end":{"line":11,"column":13}},"loc":{"start":{"line":11,"column":18},"end":{"line":13,"column":3}},"line":11}},"branchMap":{"0":{"loc":{"start":{"line":15,"column":2},"end":{"line":15,"column":42}},"type":"if","locations":[{"start":{"line":15,"column":2},"end":{"line":15,"column":42}},{"start":{},"end":{}}],"line":15}},"s":{"0":1,"1":2,"2":2,"3":1,"4":2,"5":1,"6":1},"f":{"0":2,"1":1},"b":{"0":[1,1]},"_coverageSchema":"1a1c01bbd47fc00a2c39e90264f33305004495a9","hash":"5db8b40c001fd577f7992b546b31b48889f15582"}
,"B:\\Thuc_tap\\unit-test\\client\\src\\services\\api.ts": {"path":"B:\\Thuc_tap\\unit-test\\client\\src\\services\\api.ts","statementMap":{"0":{"start":{"line":1,"column":29},"end":{"line":7,"column":1}},"1":{"start":{"line":4,"column":19},"end":{"line":4,"column":73}},"2":{"start":{"line":5,"column":2},"end":{"line":5,"column":55}},"3":{"start":{"line":5,"column":20},"end":{"line":5,"column":55}},"4":{"start":{"line":6,"column":2},"end":{"line":6,"column":25}}},"fnMap":{"0":{"name":"(anonymous_0)","decl":{"start":{"line":1,"column":29},"end":{"line":1,"column":30}},"loc":{"start":{"line":3,"column":44},"end":{"line":7,"column":1}},"line":3}},"branchMap":{"0":{"loc":{"start":{"line":5,"column":2},"end":{"line":5,"column":55}},"type":"if","locations":[{"start":{"line":5,"column":2},"end":{"line":5,"column":55}},{"start":{},"end":{}}],"line":5}},"s":{"0":2,"1":1,"2":1,"3":0,"4":1},"f":{"0":1},"b":{"0":[0,1]},"_coverageSchema":"1a1c01bbd47fc00a2c39e90264f33305004495a9","hash":"f521a575ee27d17123b2bc23e34436ad0d419a44"}
,"B:\\Thuc_tap\\unit-test\\client\\src\\services\\auth.ts": {"path":"B:\\Thuc_tap\\unit-test\\client\\src\\services\\auth.ts","statementMap":{"0":{"start":{"line":17,"column":16},"end":{"line":17,"column":57}},"1":{"start":{"line":30,"column":2},"end":{"line":40,"column":3}},"2":{"start":{"line":31,"column":21},"end":{"line":34,"column":6}},"3":{"start":{"line":35,"column":4},"end":{"line":35,"column":25}},"4":{"start":{"line":37,"column":4},"end":{"line":39,"column":6}}},"fnMap":{"0":{"name":"registerUser","decl":{"start":{"line":26,"column":22},"end":{"line":26,"column":34}},"loc":{"start":{"line":29,"column":29},"end":{"line":41,"column":1}},"line":29}},"branchMap":{"0":{"loc":{"start":{"line":38,"column":6},"end":{"line":38,"column":66}},"type":"binary-expr","locations":[{"start":{"line":38,"column":6},"end":{"line":38,"column":35}},{"start":{"line":38,"column":39},"end":{"line":38,"column":66}}],"line":38}},"s":{"0":2,"1":5,"2":5,"3":1,"4":4},"f":{"0":5},"b":{"0":[4,0]},"_coverageSchema":"1a1c01bbd47fc00a2c39e90264f33305004495a9","hash":"db1d6beeda0f78107b42a7362f62069304b98cc7"}
,"B:\\Thuc_tap\\unit-test\\client\\src\\utils\\userInput.ts": {"path":"B:\\Thuc_tap\\unit-test\\client\\src\\utils\\userInput.ts","statementMap":{"0":{"start":{"line":1,"column":29},"end":{"line":3,"column":1}},"1":{"start":{"line":2,"column":2},"end":{"line":2,"column":52}}},"fnMap":{"0":{"name":"(anonymous_0)","decl":{"start":{"line":1,"column":29},"end":{"line":1,"column":30}},"loc":{"start":{"line":1,"column":56},"end":{"line":3,"column":1}},"line":1}},"branchMap":{},"s":{"0":1,"1":1},"f":{"0":1},"b":{},"_coverageSchema":"1a1c01bbd47fc00a2c39e90264f33305004495a9","hash":"353f2523a4e48c545079e59fc6fdc72be823a38a"}
}
