TN:
SF:src\components\RegisterForm.tsx
FN:5,(anonymous_0)
FN:11,(anonymous_1)
FN:41,(anonymous_2)
FN:52,(anonymous_3)
FNF:4
FNH:4
FNDA:21,(anonymous_0)
FNDA:4,(anonymous_1)
FNDA:4,(anonymous_2)
FNDA:4,(anonymous_3)
DA:5,1
DA:6,21
DA:7,21
DA:8,21
DA:9,21
DA:11,21
DA:12,4
DA:13,4
DA:14,4
DA:16,4
DA:17,1
DA:18,1
DA:21,3
DA:22,3
DA:23,1
DA:25,2
DA:31,21
DA:41,4
DA:52,4
LF:19
LH:19
BRDA:16,0,0,1
BRDA:16,0,1,3
BRDA:16,1,0,4
BRDA:16,1,1,3
BRDA:26,2,0,1
BRDA:26,2,1,1
BRDA:71,3,0,21
BRDA:71,3,1,1
BRDA:74,4,0,21
BRDA:74,4,1,3
BRF:10
BRH:10
end_of_record
TN:
SF:src\components\UserProfile.tsx
FN:8,(anonymous_0)
FN:11,(anonymous_1)
FNF:2
FNH:2
FNDA:2,(anonymous_0)
FNDA:1,(anonymous_1)
DA:8,1
DA:9,2
DA:11,2
DA:12,1
DA:15,2
DA:16,1
LF:6
LH:6
BRDA:15,0,0,1
BRDA:15,0,1,1
BRF:2
BRH:2
end_of_record
TN:
SF:src\services\api.ts
FN:1,(anonymous_0)
FNF:1
FNH:1
FNDA:1,(anonymous_0)
DA:1,2
DA:4,1
DA:5,1
DA:6,1
LF:4
LH:4
BRDA:5,0,0,0
BRDA:5,0,1,1
BRF:2
BRH:1
end_of_record
TN:
SF:src\services\auth.ts
FN:26,registerUser
FNF:1
FNH:1
FNDA:5,registerUser
DA:17,2
DA:30,5
DA:31,5
DA:35,1
DA:37,4
LF:5
LH:5
BRDA:38,0,0,4
BRDA:38,0,1,0
BRF:2
BRH:1
end_of_record
TN:
SF:src\utils\userInput.ts
FN:1,(anonymous_0)
FNF:1
FNH:1
FNDA:1,(anonymous_0)
DA:1,1
DA:2,1
LF:2
LH:2
BRF:0
BRH:0
end_of_record
